{
  "RSpec": {
    "coverage": {
      "/Users/mhipp/dev/mycookbook/config/environment.rb": [
        null,
        1,
        null,
        null,
        1
      ],
      "/Users/mhipp/dev/mycookbook/config/application.rb": [
        1,
        null,
        null,
        1,
        1,
        1,
        1,
        1,
        1,
        null,
        null,
        null,
        null,
        1,
        null,
        1,
        1,
        null,
        null,
        null,
        null,
        null,
        null,
        null,
        null,
        null,
        null,
        null,
        null,
        null
      ],
      "/Users/mhipp/dev/mycookbook/config/boot.rb": [
        null,
        1,
        null,
        1
      ],
      "/Users/mhipp/dev/mycookbook/config/environments/test.rb": [
        1,
        null,
        null,
        null,
        null,
        null,
        null,
        1,
        null,
        null,
        null,
        null,
        1,
        null,
        null,
        1,
        1,
        null,
        null,
        1,
        1,
        null,
        null,
        1,
        null,
        null,
        1,
        null,
        null,
        null,
        null,
        1,
        null,
        null,
        1,
        null,
        null,
        null,
        null
      ],
      "/Users/mhipp/dev/mycookbook/config/initializers/api.rb": [
        1
      ],
      "/Users/mhipp/dev/mycookbook/config/initializers/backtrace_silencers.rb": [
        null,
        null,
        null,
        null,
        null,
        null,
        null
      ],
      "/Users/mhipp/dev/mycookbook/config/initializers/cookies_serializer.rb": [
        null,
        null,
        1
      ],
      "/Users/mhipp/dev/mycookbook/config/initializers/filter_parameter_logging.rb": [
        null,
        null,
        null,
        1
      ],
      "/Users/mhipp/dev/mycookbook/config/initializers/inflections.rb": [
        null,
        null,
        null,
        null,
        null,
        null,
        null,
        null,
        null,
        null,
        null,
        null,
        null,
        null,
        null,
        null
      ],
      "/Users/mhipp/dev/mycookbook/config/initializers/mime_types.rb": [
        null,
        null,
        null,
        null
      ],
      "/Users/mhipp/dev/mycookbook/config/initializers/session_store.rb": [
        null,
        null,
        1
      ],
      "/Users/mhipp/dev/mycookbook/config/initializers/wrap_parameters.rb": [
        null,
        null,
        null,
        null,
        null,
        null,
        1,
        1,
        null,
        null,
        null,
        null,
        null,
        null
      ],
      "/Users/mhipp/dev/mycookbook/spec/factories/user.rb": [
        1,
        1,
        11,
        11,
        1,
        1,
        null,
        null
      ],
      "/Users/mhipp/dev/mycookbook/config/routes.rb": [
        1,
        null,
        null,
        null,
        null,
        1,
        null,
        1,
        1,
        null,
        1,
        1,
        1,
        1,
        null,
        null,
        1,
        null,
        1,
        1,
        1,
        null,
        null,
        null,
        null,
        null,
        null,
        null,
        null,
        null,
        null,
        null,
        null,
        null,
        null,
        null,
        null,
        null,
        null,
        null,
        null,
        null,
        null,
        null,
        null,
        null,
        null,
        null,
        null,
        null,
        null,
        null,
        null,
        null,
        null,
        null,
        null,
        null,
        null,
        null,
        null,
        null,
        null,
        null,
        null,
        null,
        null,
        null,
        null,
        null,
        null
      ],
      "/Users/mhipp/dev/mycookbook/app/helpers/application_helper.rb": [
        1,
        null
      ],
      "/Users/mhipp/dev/mycookbook/app/helpers/sessions_helper.rb": [
        1,
        null,
        null,
        null,
        1,
        377,
        377,
        null,
        null,
        1,
        10,
        null,
        null,
        1,
        0,
        null,
        null,
        null,
        null,
        1,
        107,
        null,
        null,
        1,
        10,
        10,
        10,
        10,
        null,
        null,
        1,
        0,
        0,
        0,
        null,
        null,
        null,
        null,
        1,
        0,
        0,
        null,
        null,
        null,
        1,
        10,
        10,
        null,
        null,
        null,
        null,
        1,
        0,
        0,
        0,
        0,
        null,
        null,
        null
      ],
      "/Users/mhipp/dev/mycookbook/spec/features/user_can_edit_recipes_spec.rb": [
        1,
        null,
        1,
        3,
        1,
        2,
        2,
        2,
        2,
        2,
        2,
        2,
        2,
        null,
        null,
        1,
        1,
        null,
        null,
        1,
        1,
        1,
        1,
        null,
        null,
        1,
        2,
        2,
        2,
        2,
        null,
        null,
        null
      ],
      "/Users/mhipp/dev/mycookbook/spec/features/user_can_save_recipes_spec.rb": [
        1,
        null,
        1,
        null,
        1,
        1,
        1,
        1,
        1,
        1,
        null,
        null,
        null,
        1,
        3,
        1,
        2,
        2,
        2,
        2,
        2,
        null,
        null,
        1,
        1,
        null,
        null,
        1,
        1,
        1,
        null,
        null,
        1,
        2,
        2,
        2,
        2,
        null,
        null,
        null,
        null,
        null,
        1,
        4,
        4,
        null,
        1,
        1,
        1,
        null,
        null,
        1,
        1,
        1,
        1,
        null,
        null,
        1,
        1,
        1,
        1,
        1,
        1,
        null,
        null,
        1,
        3,
        3,
        3,
        3,
        null,
        null,
        null
      ],
      "/Users/mhipp/dev/mycookbook/spec/features/user_can_search_recipes_spec.rb": [
        1,
        null,
        1,
        null,
        1,
        1,
        1,
        null,
        null,
        1,
        1,
        1,
        1,
        1,
        null,
        null,
        1,
        1,
        1,
        1,
        1,
        1,
        null,
        null,
        null
      ],
      "/Users/mhipp/dev/mycookbook/spec/features/user_can_see_homepage_spec.rb": [
        1,
        null,
        1,
        null,
        1,
        1,
        1,
        null,
        null,
        null
      ],
      "/Users/mhipp/dev/mycookbook/spec/models/recipe_spec.rb": [
        1,
        null,
        1,
        2,
        2,
        null,
        null
      ],
      "/Users/mhipp/dev/mycookbook/app/models/recipe.rb": [
        1,
        1,
        1,
        1,
        1,
        null,
        1,
        null,
        null,
        null,
        null
      ],
      "/Users/mhipp/dev/mycookbook/spec/models/user_spec.rb": [
        1,
        null,
        1,
        2,
        2,
        2,
        null
      ],
      "/Users/mhipp/dev/mycookbook/app/models/user.rb": [
        1,
        1,
        1,
        1,
        1,
        null,
        1,
        null,
        null,
        null,
        1,
        null,
        null,
        null,
        null,
        1,
        null,
        1,
        20,
        null,
        null,
        1,
        397,
        null,
        null,
        1,
        null,
        1,
        10,
        null,
        null,
        1,
        20,
        null,
        null,
        null,
        null
      ],
      "/Users/mhipp/dev/mycookbook/app/controllers/sessions_controller.rb": [
        1,
        1,
        null,
        null,
        1,
        null,
        10,
        null,
        null,
        10,
        10,
        10,
        null,
        0,
        0,
        null,
        null,
        null,
        1,
        0,
        0,
        null,
        null
      ],
      "/Users/mhipp/dev/mycookbook/app/controllers/application_controller.rb": [
        1,
        null,
        null,
        1,
        1,
        null
      ],
      "/Users/mhipp/dev/mycookbook/app/controllers/welcome_controller.rb": [
        1,
        null,
        1,
        null,
        null,
        null,
        null,
        null,
        null,
        null,
        null,
        null
      ],
      "/Users/mhipp/dev/mycookbook/app/controllers/recipes_controller.rb": [
        1,
        1,
        1,
        1,
        null,
        1,
        10,
        10,
        10,
        null,
        null,
        1,
        9,
        null,
        null,
        null,
        1,
        null,
        null,
        1,
        7,
        7,
        7,
        7,
        7,
        7,
        7,
        7,
        7,
        7,
        7,
        null,
        null,
        1,
        8,
        null,
        null,
        1,
        null,
        null,
        1,
        null,
        null,
        1,
        1,
        1,
        1,
        1,
        1,
        1,
        1,
        1,
        1,
        1,
        1,
        null,
        null,
        1,
        0,
        0,
        null,
        null,
        1,
        null,
        1,
        9,
        9,
        9,
        9,
        9,
        9,
        9,
        9,
        9,
        9,
        72,
        null,
        9,
        null,
        null,
        1,
        34,
        null,
        null,
        1,
        8,
        null,
        null,
        1,
        18,
        null,
        null,
        null
      ],
      "/Users/mhipp/dev/mycookbook/app/controllers/grocery_lists_controller.rb": [
        1,
        1,
        1,
        1,
        1,
        1,
        1,
        null,
        null,
        0,
        0,
        0,
        0,
        null,
        null,
        null,
        1,
        null,
        null,
        1,
        2,
        2,
        2,
        2,
        1,
        null,
        null,
        null,
        null,
        null,
        null,
        null
      ]
    },
    "timestamp": 1401379417
  }
}
